<?xml version="1.0" encoding="UTF-8"?>
<!-- Generated by org.testng.reporters.JUnitReportReporter -->
<testsuite skipped="0" hostname="krupa-HP-EliteBook-840-G3" name="BaseTest" tests="1" failures="0" timestamp="28 Jun 2018 11:24:11 GMT" time="2.503" errors="0">
  <testcase name="Test" time="2.503" classname="BaseTest"/>
</testsuite> <!-- BaseTest -->
