<?xml version="1.0" encoding="UTF-8"?>
<!-- Generated by org.testng.reporters.JUnitReportReporter -->
<testsuite skipped="0" hostname="krupa-HP-EliteBook-840-G3" name="AddPlaceTest" tests="1" failures="0" timestamp="16 Jul 2018 11:45:54 GMT" time="2.148" errors="0">
  <testcase name="postRequest" time="2.148" classname="AddPlaceTest"/>
</testsuite> <!-- AddPlaceTest -->
