<?xml version="1.0" encoding="UTF-8"?>
<!-- Generated by org.testng.reporters.JUnitReportReporter -->
<testsuite skipped="0" hostname="krupa-HP-EliteBook-840-G3" name="tests.FirstSimpleTest" tests="1" failures="0" timestamp="16 Jul 2018 11:49:36 GMT" time="0.300" errors="0">
  <testcase name="validations" time="0.300" classname="tests.FirstSimpleTest"/>
</testsuite> <!-- tests.FirstSimpleTest -->
