<?xml version="1.0" encoding="UTF-8"?>
<!-- Generated by org.testng.reporters.JUnitReportReporter -->
<testsuite skipped="0" hostname="krupa-HP-EliteBook-840-G3" name="AddPlaceTestInXML" tests="1" failures="0" timestamp="16 Jul 2018 11:46:22 GMT" time="2.320" errors="0">
  <testcase name="postData" time="2.320" classname="AddPlaceTestInXML"/>
</testsuite> <!-- AddPlaceTestInXML -->
