<?xml version="1.0" encoding="UTF-8"?>
<!-- Generated by org.testng.reporters.JUnitReportReporter -->
<testsuite skipped="0" hostname="krupa-HP-EliteBook-840-G3" name="tests.AddPlaceTestInXML" tests="1" failures="0" timestamp="16 Jul 2018 11:49:36 GMT" time="1.362" errors="0">
  <testcase name="postData" time="1.362" classname="tests.AddPlaceTestInXML"/>
</testsuite> <!-- tests.AddPlaceTestInXML -->
