<?xml version="1.0" encoding="UTF-8"?>
<!-- Generated by org.testng.reporters.JUnitReportReporter -->
<testsuite skipped="0" hostname="krupa-HP-EliteBook-840-G3" name="DeletePlaceTest" tests="1" failures="0" timestamp="28 Jun 2018 11:41:53 GMT" time="2.226" errors="0">
  <testcase name="addAndDeletePlace" time="2.226" classname="DeletePlaceTest"/>
</testsuite> <!-- DeletePlaceTest -->
