<?xml version="1.0" encoding="UTF-8"?>
<!-- Generated by org.testng.reporters.JUnitReportReporter -->
<testsuite skipped="0" hostname="krupa-HP-EliteBook-840-G3" name="AddPlaceTestInXML" tests="1" failures="0" timestamp="28 Jun 2018 21:05:02 GMT" time="2.120" errors="0">
  <testcase name="postData" time="2.120" classname="AddPlaceTestInXML"/>
</testsuite> <!-- AddPlaceTestInXML -->
