<?xml version="1.0" encoding="UTF-8"?>
<!-- Generated by org.testng.reporters.JUnitReportReporter -->
<testsuite skipped="0" hostname="krupa-HP-EliteBook-840-G3" name="AddPlaceTest" tests="1" failures="0" timestamp="28 Jun 2018 15:16:27 GMT" time="2.428" errors="0">
  <testcase name="postData" time="2.428" classname="AddPlaceTest"/>
</testsuite> <!-- AddPlaceTest -->
