<?xml version="1.0" encoding="UTF-8"?>
<!-- Generated by org.testng.reporters.JUnitReportReporter -->
<testsuite skipped="0" hostname="krupa-HP-EliteBook-840-G3" name="AddPlaceTestInXML" tests="1" failures="0" timestamp="02 Jul 2018 10:15:36 GMT" time="1.858" errors="0">
  <testcase name="postData" time="1.858" classname="AddPlaceTestInXML"/>
</testsuite> <!-- AddPlaceTestInXML -->
