<?xml version="1.0" encoding="UTF-8"?>
<!-- Generated by org.testng.reporters.JUnitReportReporter -->
<testsuite skipped="0" hostname="krupa-HP-EliteBook-840-G3" name="Basics" tests="1" failures="0" timestamp="18 Jun 2018 11:52:10 GMT" time="2.865" errors="0">
  <testcase name="Test" time="2.865" classname="Basics"/>
</testsuite> <!-- Basics -->
