<?xml version="1.0" encoding="UTF-8"?>
<!-- Generated by org.testng.reporters.JUnitReportReporter -->
<testsuite skipped="0" hostname="krupa-HP-EliteBook-840-G3" name="DeletePlaceTest" tests="1" failures="0" timestamp="16 Jul 2018 11:47:10 GMT" time="2.362" errors="0">
  <testcase name="addAndDeletePlace" time="2.362" classname="DeletePlaceTest"/>
</testsuite> <!-- DeletePlaceTest -->
